<?xml version="1.0" encoding="UTF-8"?>
<coverage generated="1699427639458" clover="3.2.0">
  <project timestamp="1699427639458" name="All files">
    <metrics statements="87" coveredstatements="80" conditionals="39" coveredconditionals="36" methods="19" coveredmethods="19" elements="145" coveredelements="135" complexity="0" loc="87" ncloc="87" packages="1" files="6" classes="6"/>
    <file name="App.js" path="C:\Users\USER\Desktop\woowa-tech\javascript-lotto-6\src\App.js">
      <metrics statements="13" coveredstatements="13" conditionals="0" coveredconditionals="0" methods="1" coveredmethods="1"/>
      <line num="8" count="11" type="stmt"/>
      <line num="9" count="11" type="stmt"/>
      <line num="10" count="11" type="stmt"/>
      <line num="11" count="11" type="stmt"/>
      <line num="13" count="11" type="stmt"/>
      <line num="14" count="25" type="stmt"/>
      <line num="15" count="25" type="stmt"/>
      <line num="16" count="25" type="stmt"/>
      <line num="18" count="11" type="stmt"/>
      <line num="19" count="11" type="stmt"/>
      <line num="20" count="11" type="stmt"/>
      <line num="21" count="11" type="stmt"/>
      <line num="22" count="11" type="stmt"/>
    </file>
    <file name="Lotto.js" path="C:\Users\USER\Desktop\woowa-tech\javascript-lotto-6\src\Lotto.js">
      <metrics statements="13" coveredstatements="13" conditionals="9" coveredconditionals="9" methods="6" coveredmethods="6"/>
      <line num="8" count="30" type="stmt"/>
      <line num="9" count="25" type="stmt"/>
      <line num="13" count="25" type="stmt"/>
      <line num="17" count="30" type="cond" truecount="2" falsecount="0"/>
      <line num="18" count="2" type="stmt"/>
      <line num="19" count="28" type="cond" truecount="2" falsecount="0"/>
      <line num="20" count="1" type="stmt"/>
      <line num="22" count="27" type="stmt"/>
      <line num="23" count="161" type="cond" truecount="5" falsecount="0"/>
      <line num="24" count="2" type="stmt"/>
      <line num="31" count="125" type="stmt"/>
      <line num="32" count="25" type="stmt"/>
      <line num="38" count="25" type="stmt"/>
    </file>
    <file name="Money.js" path="C:\Users\USER\Desktop\woowa-tech\javascript-lotto-6\src\Money.js">
      <metrics statements="10" coveredstatements="10" conditionals="4" coveredconditionals="4" methods="3" coveredmethods="3"/>
      <line num="11" count="14" type="stmt"/>
      <line num="12" count="14" type="stmt"/>
      <line num="13" count="14" type="cond" truecount="4" falsecount="0"/>
      <line num="14" count="3" type="stmt"/>
      <line num="17" count="3" type="stmt"/>
      <line num="18" count="3" type="stmt"/>
      <line num="20" count="14" type="stmt"/>
      <line num="21" count="14" type="stmt"/>
      <line num="25" count="11" type="stmt"/>
      <line num="29" count="36" type="stmt"/>
    </file>
    <file name="Statistics.js" path="C:\Users\USER\Desktop\woowa-tech\javascript-lotto-6\src\Statistics.js">
      <metrics statements="27" coveredstatements="27" conditionals="14" coveredconditionals="14" methods="4" coveredmethods="4"/>
      <line num="18" count="11" type="stmt"/>
      <line num="19" count="11" type="stmt"/>
      <line num="20" count="11" type="stmt"/>
      <line num="21" count="11" type="stmt"/>
      <line num="22" count="11" type="stmt"/>
      <line num="23" count="11" type="stmt"/>
      <line num="24" count="11" type="stmt"/>
      <line num="25" count="11" type="stmt"/>
      <line num="29" count="11" type="stmt"/>
      <line num="39" count="11" type="cond" truecount="2" falsecount="0"/>
      <line num="40" count="7" type="stmt"/>
      <line num="41" count="7" type="stmt"/>
      <line num="43" count="4" type="stmt"/>
      <line num="47" count="11" type="stmt"/>
      <line num="48" count="150" type="stmt"/>
      <line num="49" count="25" type="cond" truecount="2" falsecount="0"/>
      <line num="50" count="16" type="cond" truecount="4" falsecount="0"/>
      <line num="51" count="15" type="cond" truecount="2" falsecount="0"/>
      <line num="52" count="14" type="cond" truecount="2" falsecount="0"/>
      <line num="53" count="13" type="cond" truecount="2" falsecount="0"/>
      <line num="58" count="11" type="stmt"/>
      <line num="59" count="11" type="stmt"/>
      <line num="60" count="11" type="stmt"/>
      <line num="61" count="11" type="stmt"/>
      <line num="62" count="11" type="stmt"/>
      <line num="63" count="11" type="stmt"/>
      <line num="64" count="11" type="stmt"/>
    </file>
    <file name="WinningLotto.js" path="C:\Users\USER\Desktop\woowa-tech\javascript-lotto-6\src\WinningLotto.js">
      <metrics statements="19" coveredstatements="12" conditionals="12" coveredconditionals="9" methods="5" coveredmethods="5"/>
      <line num="11" count="11" type="stmt"/>
      <line num="12" count="11" type="stmt"/>
      <line num="14" count="66" type="stmt"/>
      <line num="15" count="11" type="cond" truecount="1" falsecount="1"/>
      <line num="16" count="0" type="stmt"/>
      <line num="18" count="11" type="stmt"/>
      <line num="19" count="66" type="cond" truecount="4" falsecount="1"/>
      <line num="20" count="0" type="stmt"/>
      <line num="24" count="0" type="stmt"/>
      <line num="25" count="0" type="stmt"/>
      <line num="27" count="11" type="stmt"/>
      <line num="32" count="11" type="stmt"/>
      <line num="33" count="11" type="stmt"/>
      <line num="34" count="11" type="cond" truecount="4" falsecount="1"/>
      <line num="35" count="0" type="stmt"/>
      <line num="38" count="0" type="stmt"/>
      <line num="39" count="0" type="stmt"/>
      <line num="41" count="11" type="stmt"/>
      <line num="45" count="11" type="stmt"/>
    </file>
    <file name="constant.js" path="C:\Users\USER\Desktop\woowa-tech\javascript-lotto-6\src\constant.js">
      <metrics statements="5" coveredstatements="5" conditionals="0" coveredconditionals="0" methods="0" coveredmethods="0"/>
      <line num="1" count="2" type="stmt"/>
      <line num="7" count="2" type="stmt"/>
      <line num="14" count="2" type="stmt"/>
      <line num="15" count="2" type="stmt"/>
      <line num="22" count="2" type="stmt"/>
    </file>
  </project>
</coverage>
