{"C:\\Users\\01030387458\\Desktop\\coding\\js\\wooteco\\javascript-lotto-6\\src\\App.js": {"path":"C:\\Users\\01030387458\\Desktop\\coding\\js\\wooteco\\javascript-lotto-6\\src\\App.js","statementMap":{"0":{"start":{"line":5,"column":4},"end":{"line":5,"column":28}}},"fnMap":{"0":{"name":"(anonymous_0)","decl":{"start":{"line":4,"column":2},"end":{"line":4,"column":3}},"loc":{"start":{"line":4,"column":15},"end":{"line":6,"column":3}},"line":4}},"branchMap":{},"s":{"0":2},"f":{"0":2},"b":{},"_coverageSchema":"1a1c01bbd47fc00a2c39e90264f33305004495a9","hash":"e3b95685139b8788d004922105138a267231ea4c"}
,"C:\\Users\\01030387458\\Desktop\\coding\\js\\wooteco\\javascript-lotto-6\\src\\Lotto.js": {"path":"C:\\Users\\01030387458\\Desktop\\coding\\js\\wooteco\\javascript-lotto-6\\src\\Lotto.js","statementMap":{"0":{"start":{"line":5,"column":4},"end":{"line":5,"column":28}},"1":{"start":{"line":6,"column":4},"end":{"line":6,"column":28}},"2":{"start":{"line":10,"column":4},"end":{"line":11,"column":50}},"3":{"start":{"line":11,"column":6},"end":{"line":11,"column":50}},"4":{"start":{"line":12,"column":4},"end":{"line":13,"column":47}},"5":{"start":{"line":13,"column":6},"end":{"line":13,"column":47}},"6":{"start":{"line":14,"column":4},"end":{"line":19,"column":7}},"7":{"start":{"line":15,"column":6},"end":{"line":16,"column":52}},"8":{"start":{"line":16,"column":8},"end":{"line":16,"column":52}},"9":{"start":{"line":17,"column":6},"end":{"line":18,"column":56}},"10":{"start":{"line":18,"column":8},"end":{"line":18,"column":56}},"11":{"start":{"line":23,"column":4},"end":{"line":23,"column":30}}},"fnMap":{"0":{"name":"(anonymous_0)","decl":{"start":{"line":4,"column":2},"end":{"line":4,"column":3}},"loc":{"start":{"line":4,"column":23},"end":{"line":7,"column":3}},"line":4},"1":{"name":"(anonymous_1)","decl":{"start":{"line":14,"column":20},"end":{"line":14,"column":21}},"loc":{"start":{"line":14,"column":30},"end":{"line":19,"column":5}},"line":14},"2":{"name":"(anonymous_2)","decl":{"start":{"line":22,"column":2},"end":{"line":22,"column":3}},"loc":{"start":{"line":22,"column":15},"end":{"line":24,"column":3}},"line":22}},"branchMap":{"0":{"loc":{"start":{"line":10,"column":4},"end":{"line":11,"column":50}},"type":"if","locations":[{"start":{"line":10,"column":4},"end":{"line":11,"column":50}},{"start":{},"end":{}}],"line":10},"1":{"loc":{"start":{"line":12,"column":4},"end":{"line":13,"column":47}},"type":"if","locations":[{"start":{"line":12,"column":4},"end":{"line":13,"column":47}},{"start":{},"end":{}}],"line":12},"2":{"loc":{"start":{"line":15,"column":6},"end":{"line":16,"column":52}},"type":"if","locations":[{"start":{"line":15,"column":6},"end":{"line":16,"column":52}},{"start":{},"end":{}}],"line":15},"3":{"loc":{"start":{"line":17,"column":6},"end":{"line":18,"column":56}},"type":"if","locations":[{"start":{"line":17,"column":6},"end":{"line":18,"column":56}},{"start":{},"end":{}}],"line":17},"4":{"loc":{"start":{"line":17,"column":10},"end":{"line":17,"column":35}},"type":"binary-expr","locations":[{"start":{"line":17,"column":10},"end":{"line":17,"column":20}},{"start":{"line":17,"column":24},"end":{"line":17,"column":35}}],"line":17}},"s":{"0":58,"1":52,"2":58,"3":1,"4":57,"5":1,"6":56,"7":336,"8":2,"9":334,"10":2,"11":61},"f":{"0":58,"1":336,"2":61},"b":{"0":[1,57],"1":[1,56],"2":[2,334],"3":[2,332],"4":[334,333]},"_coverageSchema":"1a1c01bbd47fc00a2c39e90264f33305004495a9","hash":"b1c2f91d4c0f6a16d3626a66f6a21d66d923f16d"}
,"C:\\Users\\01030387458\\Desktop\\coding\\js\\wooteco\\javascript-lotto-6\\src\\constants\\CONSTANTS.js": {"path":"C:\\Users\\01030387458\\Desktop\\coding\\js\\wooteco\\javascript-lotto-6\\src\\constants\\CONSTANTS.js","statementMap":{"0":{"start":{"line":4,"column":18},"end":{"line":4,"column":59}}},"fnMap":{},"branchMap":{},"s":{"0":16},"f":{},"b":{},"_coverageSchema":"1a1c01bbd47fc00a2c39e90264f33305004495a9","hash":"97b56d7ab04644c945dff40cab41ebc97ca34ffc"}
,"C:\\Users\\01030387458\\Desktop\\coding\\js\\wooteco\\javascript-lotto-6\\src\\constants\\NUMBERS.js": {"path":"C:\\Users\\01030387458\\Desktop\\coding\\js\\wooteco\\javascript-lotto-6\\src\\constants\\NUMBERS.js","statementMap":{"0":{"start":{"line":1,"column":16},"end":{"line":16,"column":2}}},"fnMap":{},"branchMap":{},"s":{"0":16},"f":{},"b":{},"_coverageSchema":"1a1c01bbd47fc00a2c39e90264f33305004495a9","hash":"982d9d4fbd9a310d70c91603ff090de02cf0662d"}
,"C:\\Users\\01030387458\\Desktop\\coding\\js\\wooteco\\javascript-lotto-6\\src\\constants\\STRINGS.js": {"path":"C:\\Users\\01030387458\\Desktop\\coding\\js\\wooteco\\javascript-lotto-6\\src\\constants\\STRINGS.js","statementMap":{"0":{"start":{"line":1,"column":21},"end":{"line":1,"column":30}},"1":{"start":{"line":3,"column":16},"end":{"line":36,"column":2}}},"fnMap":{},"branchMap":{},"s":{"0":17,"1":17},"f":{},"b":{},"_coverageSchema":"1a1c01bbd47fc00a2c39e90264f33305004495a9","hash":"9fdf7fce18e8324a6aa9809f08b37820c0092395"}
,"C:\\Users\\01030387458\\Desktop\\coding\\js\\wooteco\\javascript-lotto-6\\src\\functinoal\\Functional.js": {"path":"C:\\Users\\01030387458\\Desktop\\coding\\js\\wooteco\\javascript-lotto-6\\src\\functinoal\\Functional.js","statementMap":{"0":{"start":{"line":7,"column":23},"end":{"line":7,"column":56}},"1":{"start":{"line":8,"column":4},"end":{"line":8,"column":22}},"2":{"start":{"line":9,"column":4},"end":{"line":9,"column":37}},"3":{"start":{"line":10,"column":4},"end":{"line":10,"column":22}},"4":{"start":{"line":12,"column":23},"end":{"line":12,"column":56}},"5":{"start":{"line":13,"column":4},"end":{"line":13,"column":22}},"6":{"start":{"line":15,"column":24},"end":{"line":15,"column":63}},"7":{"start":{"line":16,"column":4},"end":{"line":16,"column":35}},"8":{"start":{"line":17,"column":4},"end":{"line":17,"column":57}}},"fnMap":{"0":{"name":"(anonymous_0)","decl":{"start":{"line":6,"column":2},"end":{"line":6,"column":3}},"loc":{"start":{"line":6,"column":22},"end":{"line":18,"column":3}},"line":6}},"branchMap":{},"s":{"0":2,"1":2,"2":2,"3":2,"4":2,"5":2,"6":2,"7":2,"8":2},"f":{"0":2},"b":{},"_coverageSchema":"1a1c01bbd47fc00a2c39e90264f33305004495a9","hash":"8ed2887534e23917d410f14732018712b8a7dc73"}
,"C:\\Users\\01030387458\\Desktop\\coding\\js\\wooteco\\javascript-lotto-6\\src\\functinoal\\modules\\ConvertInputTo.js": {"path":"C:\\Users\\01030387458\\Desktop\\coding\\js\\wooteco\\javascript-lotto-6\\src\\functinoal\\modules\\ConvertInputTo.js","statementMap":{"0":{"start":{"line":18,"column":4},"end":{"line":18,"column":13}},"1":{"start":{"line":22,"column":4},"end":{"line":24,"column":6}},"2":{"start":{"line":23,"column":6},"end":{"line":23,"column":70}},"3":{"start":{"line":28,"column":4},"end":{"line":38,"column":5}},"4":{"start":{"line":29,"column":26},"end":{"line":31,"column":7}},"5":{"start":{"line":32,"column":6},"end":{"line":37,"column":7}},"6":{"start":{"line":33,"column":8},"end":{"line":33,"column":59}},"7":{"start":{"line":34,"column":8},"end":{"line":34,"column":35}},"8":{"start":{"line":36,"column":8},"end":{"line":36,"column":34}},"9":{"start":{"line":42,"column":27},"end":{"line":42,"column":62}},"10":{"start":{"line":43,"column":4},"end":{"line":43,"column":22}},"11":{"start":{"line":44,"column":24},"end":{"line":44,"column":72}},"12":{"start":{"line":46,"column":4},"end":{"line":46,"column":70}},"13":{"start":{"line":50,"column":4},"end":{"line":62,"column":5}},"14":{"start":{"line":51,"column":28},"end":{"line":53,"column":7}},"15":{"start":{"line":54,"column":6},"end":{"line":61,"column":7}},"16":{"start":{"line":55,"column":8},"end":{"line":55,"column":53}},"17":{"start":{"line":56,"column":8},"end":{"line":58,"column":10}},"18":{"start":{"line":60,"column":8},"end":{"line":60,"column":34}},"19":{"start":{"line":66,"column":4},"end":{"line":76,"column":5}},"20":{"start":{"line":67,"column":27},"end":{"line":69,"column":7}},"21":{"start":{"line":70,"column":6},"end":{"line":75,"column":7}},"22":{"start":{"line":71,"column":8},"end":{"line":71,"column":67}},"23":{"start":{"line":72,"column":8},"end":{"line":72,"column":36}},"24":{"start":{"line":74,"column":8},"end":{"line":74,"column":34}}},"fnMap":{"0":{"name":"(anonymous_0)","decl":{"start":{"line":21,"column":2},"end":{"line":21,"column":3}},"loc":{"start":{"line":21,"column":28},"end":{"line":25,"column":3}},"line":21},"1":{"name":"(anonymous_1)","decl":{"start":{"line":22,"column":53},"end":{"line":22,"column":54}},"loc":{"start":{"line":23,"column":6},"end":{"line":23,"column":70}},"line":23},"2":{"name":"(anonymous_2)","decl":{"start":{"line":27,"column":2},"end":{"line":27,"column":3}},"loc":{"start":{"line":27,"column":31},"end":{"line":39,"column":3}},"line":27},"3":{"name":"(anonymous_3)","decl":{"start":{"line":41,"column":2},"end":{"line":41,"column":3}},"loc":{"start":{"line":41,"column":28},"end":{"line":47,"column":3}},"line":41},"4":{"name":"(anonymous_4)","decl":{"start":{"line":49,"column":2},"end":{"line":49,"column":3}},"loc":{"start":{"line":49,"column":30},"end":{"line":63,"column":3}},"line":49},"5":{"name":"(anonymous_5)","decl":{"start":{"line":65,"column":2},"end":{"line":65,"column":3}},"loc":{"start":{"line":65,"column":43},"end":{"line":77,"column":3}},"line":65}},"branchMap":{},"s":{"0":5,"1":2,"2":2,"3":9,"4":14,"5":14,"6":14,"7":9,"8":5,"9":10,"10":10,"11":10,"12":10,"13":19,"14":34,"15":34,"16":34,"17":19,"18":15,"19":16,"20":25,"21":25,"22":25,"23":16,"24":9},"f":{"0":2,"1":2,"2":9,"3":10,"4":19,"5":16},"b":{},"_coverageSchema":"1a1c01bbd47fc00a2c39e90264f33305004495a9","hash":"157faf7377b493a1ce3ac47d4e99871ceaf2156b"}
,"C:\\Users\\01030387458\\Desktop\\coding\\js\\wooteco\\javascript-lotto-6\\src\\functinoal\\modules\\ErrorCheck.js": {"path":"C:\\Users\\01030387458\\Desktop\\coding\\js\\wooteco\\javascript-lotto-6\\src\\functinoal\\modules\\ErrorCheck.js","statementMap":{"0":{"start":{"line":15,"column":4},"end":{"line":15,"column":13}},"1":{"start":{"line":19,"column":4},"end":{"line":19,"column":45}},"2":{"start":{"line":20,"column":4},"end":{"line":20,"column":63}},"3":{"start":{"line":24,"column":28},"end":{"line":24,"column":77}},"4":{"start":{"line":25,"column":4},"end":{"line":25,"column":73}},"5":{"start":{"line":26,"column":4},"end":{"line":26,"column":52}},"6":{"start":{"line":27,"column":4},"end":{"line":27,"column":54}},"7":{"start":{"line":31,"column":4},"end":{"line":31,"column":35}},"8":{"start":{"line":32,"column":38},"end":{"line":32,"column":57}},"9":{"start":{"line":33,"column":4},"end":{"line":33,"column":51}},"10":{"start":{"line":34,"column":4},"end":{"line":34,"column":64}},"11":{"start":{"line":38,"column":4},"end":{"line":38,"column":56}},"12":{"start":{"line":39,"column":4},"end":{"line":43,"column":6}},"13":{"start":{"line":47,"column":4},"end":{"line":48,"column":58}},"14":{"start":{"line":48,"column":6},"end":{"line":48,"column":58}},"15":{"start":{"line":52,"column":4},"end":{"line":53,"column":51}},"16":{"start":{"line":53,"column":6},"end":{"line":53,"column":51}},"17":{"start":{"line":57,"column":4},"end":{"line":58,"column":50}},"18":{"start":{"line":58,"column":6},"end":{"line":58,"column":50}},"19":{"start":{"line":62,"column":4},"end":{"line":62,"column":74}},"20":{"start":{"line":62,"column":24},"end":{"line":62,"column":74}},"21":{"start":{"line":63,"column":4},"end":{"line":63,"column":74}},"22":{"start":{"line":63,"column":24},"end":{"line":63,"column":74}},"23":{"start":{"line":67,"column":4},"end":{"line":68,"column":59}},"24":{"start":{"line":68,"column":6},"end":{"line":68,"column":59}}},"fnMap":{"0":{"name":"(anonymous_0)","decl":{"start":{"line":18,"column":2},"end":{"line":18,"column":3}},"loc":{"start":{"line":18,"column":43},"end":{"line":21,"column":3}},"line":18},"1":{"name":"(anonymous_1)","decl":{"start":{"line":23,"column":2},"end":{"line":23,"column":3}},"loc":{"start":{"line":23,"column":36},"end":{"line":28,"column":3}},"line":23},"2":{"name":"(anonymous_2)","decl":{"start":{"line":30,"column":2},"end":{"line":30,"column":3}},"loc":{"start":{"line":30,"column":51},"end":{"line":35,"column":3}},"line":30},"3":{"name":"(anonymous_3)","decl":{"start":{"line":37,"column":2},"end":{"line":37,"column":3}},"loc":{"start":{"line":37,"column":29},"end":{"line":44,"column":3}},"line":37},"4":{"name":"(anonymous_4)","decl":{"start":{"line":46,"column":2},"end":{"line":46,"column":3}},"loc":{"start":{"line":46,"column":39},"end":{"line":49,"column":3}},"line":46},"5":{"name":"(anonymous_5)","decl":{"start":{"line":51,"column":2},"end":{"line":51,"column":3}},"loc":{"start":{"line":51,"column":55},"end":{"line":54,"column":3}},"line":51},"6":{"name":"(anonymous_6)","decl":{"start":{"line":56,"column":2},"end":{"line":56,"column":3}},"loc":{"start":{"line":56,"column":44},"end":{"line":59,"column":3}},"line":56},"7":{"name":"(anonymous_7)","decl":{"start":{"line":61,"column":2},"end":{"line":61,"column":3}},"loc":{"start":{"line":61,"column":45},"end":{"line":64,"column":3}},"line":61},"8":{"name":"(anonymous_8)","decl":{"start":{"line":66,"column":2},"end":{"line":66,"column":3}},"loc":{"start":{"line":66,"column":38},"end":{"line":69,"column":3}},"line":66}},"branchMap":{"0":{"loc":{"start":{"line":47,"column":4},"end":{"line":48,"column":58}},"type":"if","locations":[{"start":{"line":47,"column":4},"end":{"line":48,"column":58}},{"start":{},"end":{}}],"line":47},"1":{"loc":{"start":{"line":52,"column":4},"end":{"line":53,"column":51}},"type":"if","locations":[{"start":{"line":52,"column":4},"end":{"line":53,"column":51}},{"start":{},"end":{}}],"line":52},"2":{"loc":{"start":{"line":57,"column":4},"end":{"line":58,"column":50}},"type":"if","locations":[{"start":{"line":57,"column":4},"end":{"line":58,"column":50}},{"start":{},"end":{}}],"line":57},"3":{"loc":{"start":{"line":62,"column":4},"end":{"line":62,"column":74}},"type":"if","locations":[{"start":{"line":62,"column":4},"end":{"line":62,"column":74}},{"start":{},"end":{}}],"line":62},"4":{"loc":{"start":{"line":63,"column":4},"end":{"line":63,"column":74}},"type":"if","locations":[{"start":{"line":63,"column":4},"end":{"line":63,"column":74}},{"start":{},"end":{}}],"line":63},"5":{"loc":{"start":{"line":67,"column":4},"end":{"line":68,"column":59}},"type":"if","locations":[{"start":{"line":67,"column":4},"end":{"line":68,"column":59}},{"start":{},"end":{}}],"line":67}},"s":{"0":10,"1":14,"2":12,"3":34,"4":34,"5":25,"6":21,"7":25,"8":19,"9":19,"10":19,"11":170,"12":157,"13":191,"14":21,"15":20,"16":8,"17":34,"18":9,"19":165,"20":1,"21":164,"22":7,"23":44,"24":7},"f":{"0":14,"1":34,"2":25,"3":170,"4":191,"5":20,"6":34,"7":165,"8":44},"b":{"0":[21,170],"1":[8,12],"2":[9,25],"3":[1,164],"4":[7,157],"5":[7,37]},"_coverageSchema":"1a1c01bbd47fc00a2c39e90264f33305004495a9","hash":"cec06aa970fd90ec5baabfeb4f71185f2dc4dde9"}
,"C:\\Users\\01030387458\\Desktop\\coding\\js\\wooteco\\javascript-lotto-6\\src\\functinoal\\modules\\Get.js": {"path":"C:\\Users\\01030387458\\Desktop\\coding\\js\\wooteco\\javascript-lotto-6\\src\\functinoal\\modules\\Get.js","statementMap":{"0":{"start":{"line":20,"column":4},"end":{"line":20,"column":13}},"1":{"start":{"line":24,"column":4},"end":{"line":24,"column":68}},"2":{"start":{"line":28,"column":4},"end":{"line":34,"column":6}},"3":{"start":{"line":33,"column":23},"end":{"line":33,"column":28}},"4":{"start":{"line":38,"column":18},"end":{"line":38,"column":68}},"5":{"start":{"line":39,"column":4},"end":{"line":39,"column":66}},"6":{"start":{"line":39,"column":38},"end":{"line":39,"column":63}},"7":{"start":{"line":40,"column":4},"end":{"line":40,"column":37}},"8":{"start":{"line":42,"column":4},"end":{"line":42,"column":17}},"9":{"start":{"line":46,"column":19},"end":{"line":48,"column":5}},"10":{"start":{"line":49,"column":4},"end":{"line":49,"column":77}},"11":{"start":{"line":49,"column":32},"end":{"line":49,"column":75}},"12":{"start":{"line":51,"column":4},"end":{"line":51,"column":33}},"13":{"start":{"line":55,"column":4},"end":{"line":57,"column":75}},"14":{"start":{"line":57,"column":37},"end":{"line":57,"column":67}},"15":{"start":{"line":61,"column":26},"end":{"line":61,"column":53}},"16":{"start":{"line":62,"column":4},"end":{"line":70,"column":6}},"17":{"start":{"line":74,"column":4},"end":{"line":74,"column":70}},"18":{"start":{"line":74,"column":47},"end":{"line":74,"column":65}}},"fnMap":{"0":{"name":"(anonymous_0)","decl":{"start":{"line":23,"column":2},"end":{"line":23,"column":3}},"loc":{"start":{"line":23,"column":41},"end":{"line":25,"column":3}},"line":23},"1":{"name":"(anonymous_1)","decl":{"start":{"line":27,"column":2},"end":{"line":27,"column":3}},"loc":{"start":{"line":27,"column":23},"end":{"line":35,"column":3}},"line":27},"2":{"name":"(anonymous_2)","decl":{"start":{"line":33,"column":13},"end":{"line":33,"column":14}},"loc":{"start":{"line":33,"column":23},"end":{"line":33,"column":28}},"line":33},"3":{"name":"(anonymous_3)","decl":{"start":{"line":37,"column":2},"end":{"line":37,"column":3}},"loc":{"start":{"line":37,"column":49},"end":{"line":43,"column":3}},"line":37},"4":{"name":"(anonymous_4)","decl":{"start":{"line":39,"column":27},"end":{"line":39,"column":28}},"loc":{"start":{"line":39,"column":38},"end":{"line":39,"column":63}},"line":39},"5":{"name":"(anonymous_5)","decl":{"start":{"line":45,"column":2},"end":{"line":45,"column":3}},"loc":{"start":{"line":45,"column":45},"end":{"line":52,"column":3}},"line":45},"6":{"name":"(anonymous_6)","decl":{"start":{"line":49,"column":23},"end":{"line":49,"column":24}},"loc":{"start":{"line":49,"column":32},"end":{"line":49,"column":75}},"line":49},"7":{"name":"(anonymous_7)","decl":{"start":{"line":54,"column":2},"end":{"line":54,"column":3}},"loc":{"start":{"line":54,"column":39},"end":{"line":58,"column":3}},"line":54},"8":{"name":"(anonymous_8)","decl":{"start":{"line":57,"column":14},"end":{"line":57,"column":15}},"loc":{"start":{"line":57,"column":37},"end":{"line":57,"column":67}},"line":57},"9":{"name":"(anonymous_9)","decl":{"start":{"line":60,"column":2},"end":{"line":60,"column":3}},"loc":{"start":{"line":60,"column":39},"end":{"line":71,"column":3}},"line":60},"10":{"name":"(anonymous_10)","decl":{"start":{"line":73,"column":2},"end":{"line":73,"column":3}},"loc":{"start":{"line":73,"column":27},"end":{"line":75,"column":3}},"line":73},"11":{"name":"(anonymous_11)","decl":{"start":{"line":74,"column":24},"end":{"line":74,"column":25}},"loc":{"start":{"line":74,"column":47},"end":{"line":74,"column":65}},"line":74}},"branchMap":{},"s":{"0":8,"1":6,"2":28,"3":243,"4":10,"5":10,"6":60,"7":10,"8":10,"9":4,"10":4,"11":17,"12":4,"13":17,"14":102,"15":7,"16":7,"17":7,"18":91},"f":{"0":6,"1":28,"2":243,"3":10,"4":60,"5":4,"6":17,"7":17,"8":102,"9":7,"10":7,"11":91},"b":{},"_coverageSchema":"1a1c01bbd47fc00a2c39e90264f33305004495a9","hash":"0e4bdc758e468070fc177ce60877336b41c86498"}
,"C:\\Users\\01030387458\\Desktop\\coding\\js\\wooteco\\javascript-lotto-6\\src\\functinoal\\modules\\Is.js": {"path":"C:\\Users\\01030387458\\Desktop\\coding\\js\\wooteco\\javascript-lotto-6\\src\\functinoal\\modules\\Is.js","statementMap":{"0":{"start":{"line":3,"column":31},"end":{"line":3,"column":40}},"1":{"start":{"line":7,"column":4},"end":{"line":7,"column":52}},"2":{"start":{"line":7,"column":39},"end":{"line":7,"column":52}},"3":{"start":{"line":8,"column":4},"end":{"line":8,"column":46}},"4":{"start":{"line":8,"column":33},"end":{"line":8,"column":46}},"5":{"start":{"line":9,"column":4},"end":{"line":9,"column":56}},"6":{"start":{"line":9,"column":43},"end":{"line":9,"column":56}},"7":{"start":{"line":10,"column":4},"end":{"line":10,"column":42}},"8":{"start":{"line":10,"column":29},"end":{"line":10,"column":42}},"9":{"start":{"line":11,"column":4},"end":{"line":11,"column":16}},"10":{"start":{"line":15,"column":4},"end":{"line":15,"column":38}},"11":{"start":{"line":15,"column":25},"end":{"line":15,"column":38}},"12":{"start":{"line":16,"column":4},"end":{"line":16,"column":53}},"13":{"start":{"line":16,"column":41},"end":{"line":16,"column":53}},"14":{"start":{"line":17,"column":4},"end":{"line":17,"column":17}}},"fnMap":{"0":{"name":"(anonymous_0)","decl":{"start":{"line":6,"column":2},"end":{"line":6,"column":3}},"loc":{"start":{"line":6,"column":39},"end":{"line":12,"column":3}},"line":6},"1":{"name":"(anonymous_1)","decl":{"start":{"line":14,"column":2},"end":{"line":14,"column":3}},"loc":{"start":{"line":14,"column":55},"end":{"line":18,"column":3}},"line":14}},"branchMap":{"0":{"loc":{"start":{"line":7,"column":4},"end":{"line":7,"column":52}},"type":"if","locations":[{"start":{"line":7,"column":4},"end":{"line":7,"column":52}},{"start":{},"end":{}}],"line":7},"1":{"loc":{"start":{"line":8,"column":4},"end":{"line":8,"column":46}},"type":"if","locations":[{"start":{"line":8,"column":4},"end":{"line":8,"column":46}},{"start":{},"end":{}}],"line":8},"2":{"loc":{"start":{"line":9,"column":4},"end":{"line":9,"column":56}},"type":"if","locations":[{"start":{"line":9,"column":4},"end":{"line":9,"column":56}},{"start":{},"end":{}}],"line":9},"3":{"loc":{"start":{"line":10,"column":4},"end":{"line":10,"column":42}},"type":"if","locations":[{"start":{"line":10,"column":4},"end":{"line":10,"column":42}},{"start":{},"end":{}}],"line":10},"4":{"loc":{"start":{"line":15,"column":4},"end":{"line":15,"column":38}},"type":"if","locations":[{"start":{"line":15,"column":4},"end":{"line":15,"column":38}},{"start":{},"end":{}}],"line":15},"5":{"loc":{"start":{"line":16,"column":4},"end":{"line":16,"column":53}},"type":"if","locations":[{"start":{"line":16,"column":4},"end":{"line":16,"column":53}},{"start":{},"end":{}}],"line":16}},"s":{"0":10,"1":191,"2":0,"3":191,"4":5,"5":186,"6":9,"7":177,"8":7,"9":170,"10":20,"11":1,"12":19,"13":12,"14":7},"f":{"0":191,"1":20},"b":{"0":[0,191],"1":[5,186],"2":[9,177],"3":[7,170],"4":[1,19],"5":[12,7]},"_coverageSchema":"1a1c01bbd47fc00a2c39e90264f33305004495a9","hash":"581169f5c7f95b13fd75d76d762ec3628b5e8f24"}
,"C:\\Users\\01030387458\\Desktop\\coding\\js\\wooteco\\javascript-lotto-6\\src\\functinoal\\modules\\Print.js": {"path":"C:\\Users\\01030387458\\Desktop\\coding\\js\\wooteco\\javascript-lotto-6\\src\\functinoal\\modules\\Print.js","statementMap":{"0":{"start":{"line":22,"column":4},"end":{"line":22,"column":13}},"1":{"start":{"line":26,"column":4},"end":{"line":26,"column":67}},"2":{"start":{"line":27,"column":4},"end":{"line":27,"column":43}},"3":{"start":{"line":31,"column":28},"end":{"line":31,"column":64}},"4":{"start":{"line":32,"column":4},"end":{"line":36,"column":6}},"5":{"start":{"line":40,"column":4},"end":{"line":40,"column":33}},"6":{"start":{"line":44,"column":4},"end":{"line":44,"column":39}},"7":{"start":{"line":45,"column":4},"end":{"line":45,"column":43}},"8":{"start":{"line":46,"column":4},"end":{"line":46,"column":40}},"9":{"start":{"line":47,"column":4},"end":{"line":47,"column":41}},"10":{"start":{"line":48,"column":4},"end":{"line":48,"column":40}},"11":{"start":{"line":49,"column":4},"end":{"line":49,"column":41}},"12":{"start":{"line":50,"column":4},"end":{"line":50,"column":40}},"13":{"start":{"line":54,"column":4},"end":{"line":56,"column":6}},"14":{"start":{"line":60,"column":4},"end":{"line":64,"column":6}},"15":{"start":{"line":68,"column":4},"end":{"line":72,"column":6}},"16":{"start":{"line":76,"column":4},"end":{"line":78,"column":6}},"17":{"start":{"line":82,"column":4},"end":{"line":84,"column":6}},"18":{"start":{"line":88,"column":4},"end":{"line":90,"column":6}},"19":{"start":{"line":94,"column":4},"end":{"line":96,"column":6}},"20":{"start":{"line":100,"column":4},"end":{"line":100,"column":25}}},"fnMap":{"0":{"name":"(anonymous_0)","decl":{"start":{"line":25,"column":2},"end":{"line":25,"column":3}},"loc":{"start":{"line":25,"column":36},"end":{"line":28,"column":3}},"line":25},"1":{"name":"(anonymous_1)","decl":{"start":{"line":30,"column":2},"end":{"line":30,"column":3}},"loc":{"start":{"line":30,"column":29},"end":{"line":37,"column":3}},"line":30},"2":{"name":"(anonymous_2)","decl":{"start":{"line":39,"column":2},"end":{"line":39,"column":3}},"loc":{"start":{"line":39,"column":29},"end":{"line":41,"column":3}},"line":39},"3":{"name":"(anonymous_3)","decl":{"start":{"line":43,"column":2},"end":{"line":43,"column":3}},"loc":{"start":{"line":43,"column":34},"end":{"line":51,"column":3}},"line":43},"4":{"name":"(anonymous_4)","decl":{"start":{"line":53,"column":2},"end":{"line":53,"column":3}},"loc":{"start":{"line":53,"column":34},"end":{"line":57,"column":3}},"line":53},"5":{"name":"(anonymous_5)","decl":{"start":{"line":59,"column":2},"end":{"line":59,"column":3}},"loc":{"start":{"line":59,"column":39},"end":{"line":65,"column":3}},"line":59},"6":{"name":"(anonymous_6)","decl":{"start":{"line":67,"column":2},"end":{"line":67,"column":3}},"loc":{"start":{"line":67,"column":40},"end":{"line":73,"column":3}},"line":67},"7":{"name":"(anonymous_7)","decl":{"start":{"line":75,"column":2},"end":{"line":75,"column":3}},"loc":{"start":{"line":75,"column":39},"end":{"line":79,"column":3}},"line":75},"8":{"name":"(anonymous_8)","decl":{"start":{"line":81,"column":2},"end":{"line":81,"column":3}},"loc":{"start":{"line":81,"column":39},"end":{"line":85,"column":3}},"line":81},"9":{"name":"(anonymous_9)","decl":{"start":{"line":87,"column":2},"end":{"line":87,"column":3}},"loc":{"start":{"line":87,"column":40},"end":{"line":91,"column":3}},"line":87},"10":{"name":"(anonymous_10)","decl":{"start":{"line":93,"column":2},"end":{"line":93,"column":3}},"loc":{"start":{"line":93,"column":39},"end":{"line":97,"column":3}},"line":93},"11":{"name":"(anonymous_11)","decl":{"start":{"line":99,"column":2},"end":{"line":99,"column":3}},"loc":{"start":{"line":99,"column":21},"end":{"line":101,"column":3}},"line":99}},"branchMap":{},"s":{"0":7,"1":4,"2":4,"3":13,"4":13,"5":29,"6":5,"7":5,"8":5,"9":5,"10":5,"11":5,"12":5,"13":2,"14":5,"15":5,"16":0,"17":5,"18":5,"19":5,"20":16},"f":{"0":4,"1":13,"2":29,"3":5,"4":2,"5":5,"6":5,"7":0,"8":5,"9":5,"10":5,"11":16},"b":{},"_coverageSchema":"1a1c01bbd47fc00a2c39e90264f33305004495a9","hash":"284b7e54ee59cf86cc144427b01b4fca0af1c124"}
,"C:\\Users\\01030387458\\Desktop\\coding\\js\\wooteco\\javascript-lotto-6\\src\\mvc\\model\\LottoModel.js": {"path":"C:\\Users\\01030387458\\Desktop\\coding\\js\\wooteco\\javascript-lotto-6\\src\\mvc\\model\\LottoModel.js","statementMap":{"0":{"start":{"line":11,"column":4},"end":{"line":11,"column":13}},"1":{"start":{"line":18,"column":4},"end":{"line":18,"column":26}},"2":{"start":{"line":19,"column":4},"end":{"line":19,"column":74}},"3":{"start":{"line":23,"column":4},"end":{"line":23,"column":68}},"4":{"start":{"line":27,"column":4},"end":{"line":27,"column":74}},"5":{"start":{"line":28,"column":4},"end":{"line":28,"column":77}},"6":{"start":{"line":28,"column":38},"end":{"line":28,"column":74}},"7":{"start":{"line":29,"column":4},"end":{"line":29,"column":48}},"8":{"start":{"line":33,"column":4},"end":{"line":33,"column":42}},"9":{"start":{"line":37,"column":4},"end":{"line":37,"column":28}},"10":{"start":{"line":41,"column":19},"end":{"line":41,"column":77}},"11":{"start":{"line":42,"column":4},"end":{"line":44,"column":6}},"12":{"start":{"line":43,"column":15},"end":{"line":43,"column":64}},"13":{"start":{"line":46,"column":4},"end":{"line":46,"column":33}},"14":{"start":{"line":50,"column":4},"end":{"line":50,"column":44}}},"fnMap":{"0":{"name":"(anonymous_0)","decl":{"start":{"line":17,"column":2},"end":{"line":17,"column":3}},"loc":{"start":{"line":17,"column":16},"end":{"line":20,"column":3}},"line":17},"1":{"name":"(anonymous_1)","decl":{"start":{"line":22,"column":2},"end":{"line":22,"column":3}},"loc":{"start":{"line":22,"column":32},"end":{"line":24,"column":3}},"line":22},"2":{"name":"(anonymous_2)","decl":{"start":{"line":26,"column":2},"end":{"line":26,"column":3}},"loc":{"start":{"line":26,"column":46},"end":{"line":30,"column":3}},"line":26},"3":{"name":"(anonymous_3)","decl":{"start":{"line":28,"column":27},"end":{"line":28,"column":28}},"loc":{"start":{"line":28,"column":38},"end":{"line":28,"column":74}},"line":28},"4":{"name":"(anonymous_4)","decl":{"start":{"line":32,"column":2},"end":{"line":32,"column":3}},"loc":{"start":{"line":32,"column":27},"end":{"line":34,"column":3}},"line":32},"5":{"name":"(anonymous_5)","decl":{"start":{"line":36,"column":2},"end":{"line":36,"column":3}},"loc":{"start":{"line":36,"column":13},"end":{"line":38,"column":3}},"line":36},"6":{"name":"(anonymous_6)","decl":{"start":{"line":40,"column":2},"end":{"line":40,"column":3}},"loc":{"start":{"line":40,"column":19},"end":{"line":47,"column":3}},"line":40},"7":{"name":"(anonymous_7)","decl":{"start":{"line":43,"column":6},"end":{"line":43,"column":7}},"loc":{"start":{"line":43,"column":15},"end":{"line":43,"column":64}},"line":43},"8":{"name":"(anonymous_8)","decl":{"start":{"line":49,"column":2},"end":{"line":49,"column":3}},"loc":{"start":{"line":49,"column":22},"end":{"line":51,"column":3}},"line":49}},"branchMap":{},"s":{"0":1,"1":2,"2":2,"3":2,"4":2,"5":2,"6":12,"7":2,"8":0,"9":0,"10":2,"11":2,"12":8,"13":2,"14":0},"f":{"0":2,"1":2,"2":2,"3":12,"4":0,"5":0,"6":2,"7":8,"8":0},"b":{},"_coverageSchema":"1a1c01bbd47fc00a2c39e90264f33305004495a9","hash":"bdc1b42e56a37454790932b1d7402a7842fccc40"}
,"C:\\Users\\01030387458\\Desktop\\coding\\js\\wooteco\\javascript-lotto-6\\src\\mvc\\model\\utils\\Get.js": {"path":"C:\\Users\\01030387458\\Desktop\\coding\\js\\wooteco\\javascript-lotto-6\\src\\mvc\\model\\utils\\Get.js","statementMap":{"0":{"start":{"line":19,"column":4},"end":{"line":19,"column":13}},"1":{"start":{"line":23,"column":4},"end":{"line":23,"column":75}},"2":{"start":{"line":27,"column":4},"end":{"line":33,"column":6}},"3":{"start":{"line":32,"column":23},"end":{"line":32,"column":28}},"4":{"start":{"line":37,"column":19},"end":{"line":37,"column":77}},"5":{"start":{"line":38,"column":4},"end":{"line":38,"column":77}},"6":{"start":{"line":38,"column":32},"end":{"line":38,"column":75}},"7":{"start":{"line":40,"column":4},"end":{"line":40,"column":33}},"8":{"start":{"line":44,"column":4},"end":{"line":46,"column":72}},"9":{"start":{"line":46,"column":37},"end":{"line":46,"column":67}},"10":{"start":{"line":50,"column":4},"end":{"line":58,"column":6}}},"fnMap":{"0":{"name":"(anonymous_0)","decl":{"start":{"line":22,"column":2},"end":{"line":22,"column":3}},"loc":{"start":{"line":22,"column":41},"end":{"line":24,"column":3}},"line":22},"1":{"name":"(anonymous_1)","decl":{"start":{"line":26,"column":2},"end":{"line":26,"column":3}},"loc":{"start":{"line":26,"column":30},"end":{"line":34,"column":3}},"line":26},"2":{"name":"(anonymous_2)","decl":{"start":{"line":32,"column":13},"end":{"line":32,"column":14}},"loc":{"start":{"line":32,"column":23},"end":{"line":32,"column":28}},"line":32},"3":{"name":"(anonymous_3)","decl":{"start":{"line":36,"column":2},"end":{"line":36,"column":3}},"loc":{"start":{"line":36,"column":45},"end":{"line":41,"column":3}},"line":36},"4":{"name":"(anonymous_4)","decl":{"start":{"line":38,"column":23},"end":{"line":38,"column":24}},"loc":{"start":{"line":38,"column":32},"end":{"line":38,"column":75}},"line":38},"5":{"name":"(anonymous_5)","decl":{"start":{"line":43,"column":2},"end":{"line":43,"column":3}},"loc":{"start":{"line":43,"column":39},"end":{"line":47,"column":3}},"line":43},"6":{"name":"(anonymous_6)","decl":{"start":{"line":46,"column":14},"end":{"line":46,"column":15}},"loc":{"start":{"line":46,"column":37},"end":{"line":46,"column":67}},"line":46},"7":{"name":"(anonymous_7)","decl":{"start":{"line":49,"column":2},"end":{"line":49,"column":3}},"loc":{"start":{"line":49,"column":54},"end":{"line":59,"column":3}},"line":49}},"branchMap":{},"s":{"0":1,"1":2,"2":8,"3":40,"4":0,"5":0,"6":0,"7":0,"8":8,"9":48,"10":0},"f":{"0":2,"1":8,"2":40,"3":0,"4":0,"5":8,"6":48,"7":0},"b":{},"_coverageSchema":"1a1c01bbd47fc00a2c39e90264f33305004495a9","hash":"1feb6ec5631e294305459f8dab04c5abbba7f709"}
,"C:\\Users\\01030387458\\Desktop\\coding\\js\\wooteco\\javascript-lotto-6\\src\\mvc\\view\\LottoOutputView.js": {"path":"C:\\Users\\01030387458\\Desktop\\coding\\js\\wooteco\\javascript-lotto-6\\src\\mvc\\view\\LottoOutputView.js","statementMap":{"0":{"start":{"line":20,"column":4},"end":{"line":20,"column":11}},"1":{"start":{"line":24,"column":4},"end":{"line":24,"column":67}},"2":{"start":{"line":25,"column":4},"end":{"line":25,"column":47}},"3":{"start":{"line":29,"column":4},"end":{"line":33,"column":6}},"4":{"start":{"line":37,"column":4},"end":{"line":37,"column":33}},"5":{"start":{"line":41,"column":4},"end":{"line":41,"column":39}},"6":{"start":{"line":42,"column":4},"end":{"line":42,"column":43}},"7":{"start":{"line":43,"column":4},"end":{"line":43,"column":40}},"8":{"start":{"line":44,"column":4},"end":{"line":44,"column":41}},"9":{"start":{"line":45,"column":4},"end":{"line":45,"column":40}},"10":{"start":{"line":46,"column":4},"end":{"line":46,"column":41}},"11":{"start":{"line":47,"column":4},"end":{"line":47,"column":40}},"12":{"start":{"line":51,"column":4},"end":{"line":53,"column":6}},"13":{"start":{"line":57,"column":4},"end":{"line":57,"column":22}},"14":{"start":{"line":61,"column":4},"end":{"line":65,"column":6}},"15":{"start":{"line":69,"column":4},"end":{"line":73,"column":6}},"16":{"start":{"line":77,"column":4},"end":{"line":79,"column":6}},"17":{"start":{"line":83,"column":4},"end":{"line":85,"column":6}},"18":{"start":{"line":89,"column":4},"end":{"line":91,"column":6}}},"fnMap":{"0":{"name":"(anonymous_0)","decl":{"start":{"line":23,"column":2},"end":{"line":23,"column":3}},"loc":{"start":{"line":23,"column":34},"end":{"line":26,"column":3}},"line":23},"1":{"name":"(anonymous_1)","decl":{"start":{"line":28,"column":2},"end":{"line":28,"column":3}},"loc":{"start":{"line":28,"column":27},"end":{"line":34,"column":3}},"line":28},"2":{"name":"(anonymous_2)","decl":{"start":{"line":36,"column":2},"end":{"line":36,"column":3}},"loc":{"start":{"line":36,"column":27},"end":{"line":38,"column":3}},"line":36},"3":{"name":"(anonymous_3)","decl":{"start":{"line":40,"column":2},"end":{"line":40,"column":3}},"loc":{"start":{"line":40,"column":32},"end":{"line":48,"column":3}},"line":40},"4":{"name":"(anonymous_4)","decl":{"start":{"line":50,"column":2},"end":{"line":50,"column":3}},"loc":{"start":{"line":50,"column":37},"end":{"line":54,"column":3}},"line":50},"5":{"name":"(anonymous_5)","decl":{"start":{"line":56,"column":2},"end":{"line":56,"column":3}},"loc":{"start":{"line":56,"column":19},"end":{"line":58,"column":3}},"line":56}},"branchMap":{},"s":{"0":1,"1":2,"2":2,"3":4,"4":0,"5":0,"6":0,"7":0,"8":0,"9":0,"10":0,"11":0,"12":0,"13":0,"14":0,"15":0,"16":0,"17":0,"18":0},"f":{"0":2,"1":4,"2":0,"3":0,"4":0,"5":0},"b":{},"_coverageSchema":"1a1c01bbd47fc00a2c39e90264f33305004495a9","hash":"ee33953f827225b8b6eae2023f3127a599d96b53"}
}
