{"/Users/soo/Downloads/javascript-lotto-6/src/App.js": {"path":"/Users/soo/Downloads/javascript-lotto-6/src/App.js","statementMap":{"0":{"start":{"line":8,"column":4},"end":{"line":8,"column":49}},"1":{"start":{"line":11,"column":4},"end":{"line":11,"column":38}}},"fnMap":{"0":{"name":"(anonymous_0)","decl":{"start":{"line":7,"column":2},"end":{"line":7,"column":3}},"loc":{"start":{"line":7,"column":16},"end":{"line":9,"column":3}},"line":7},"1":{"name":"(anonymous_1)","decl":{"start":{"line":10,"column":2},"end":{"line":10,"column":3}},"loc":{"start":{"line":10,"column":15},"end":{"line":12,"column":3}},"line":10}},"branchMap":{},"s":{"0":2,"1":2},"f":{"0":2,"1":2},"b":{},"_coverageSchema":"1a1c01bbd47fc00a2c39e90264f33305004495a9","hash":"d67a809d2d7b83487e4aaa5eddcc4789dd174a87"}
,"/Users/soo/Downloads/javascript-lotto-6/src/constants/ErrorMessages.js": {"path":"/Users/soo/Downloads/javascript-lotto-6/src/constants/ErrorMessages.js","statementMap":{"0":{"start":{"line":1,"column":35},"end":{"line":6,"column":2}}},"fnMap":{},"branchMap":{},"s":{"0":2},"f":{},"b":{},"_coverageSchema":"1a1c01bbd47fc00a2c39e90264f33305004495a9","hash":"5291c271fd4dc14bab8396da449394ba8bea7be4"}
,"/Users/soo/Downloads/javascript-lotto-6/src/controller/InputValidation.js": {"path":"/Users/soo/Downloads/javascript-lotto-6/src/controller/InputValidation.js","statementMap":{"0":{"start":{"line":4,"column":27},"end":{"line":23,"column":3}},"1":{"start":{"line":7,"column":27},"end":{"line":7,"column":39}},"2":{"start":{"line":8,"column":32},"end":{"line":8,"column":50}},"3":{"start":{"line":9,"column":6},"end":{"line":9,"column":90}},"4":{"start":{"line":9,"column":46},"end":{"line":9,"column":90}},"5":{"start":{"line":13,"column":27},"end":{"line":13,"column":39}},"6":{"start":{"line":14,"column":6},"end":{"line":14,"column":83}},"7":{"start":{"line":14,"column":23},"end":{"line":14,"column":83}},"8":{"start":{"line":17,"column":29},"end":{"line":17,"column":47}},"9":{"start":{"line":18,"column":31},"end":{"line":18,"column":70}},"10":{"start":{"line":18,"column":55},"end":{"line":18,"column":69}},"11":{"start":{"line":20,"column":6},"end":{"line":20,"column":89}},"12":{"start":{"line":20,"column":26},"end":{"line":20,"column":89}},"13":{"start":{"line":21,"column":6},"end":{"line":21,"column":89}},"14":{"start":{"line":21,"column":28},"end":{"line":21,"column":89}}},"fnMap":{"0":{"name":"(anonymous_0)","decl":{"start":{"line":6,"column":14},"end":{"line":6,"column":15}},"loc":{"start":{"line":6,"column":30},"end":{"line":11,"column":5}},"line":6},"1":{"name":"(anonymous_1)","decl":{"start":{"line":12,"column":14},"end":{"line":12,"column":15}},"loc":{"start":{"line":12,"column":30},"end":{"line":15,"column":5}},"line":12},"2":{"name":"(anonymous_2)","decl":{"start":{"line":16,"column":20},"end":{"line":16,"column":21}},"loc":{"start":{"line":16,"column":36},"end":{"line":22,"column":5}},"line":16},"3":{"name":"(anonymous_3)","decl":{"start":{"line":18,"column":42},"end":{"line":18,"column":43}},"loc":{"start":{"line":18,"column":55},"end":{"line":18,"column":69}},"line":18}},"branchMap":{"0":{"loc":{"start":{"line":9,"column":6},"end":{"line":9,"column":90}},"type":"if","locations":[{"start":{"line":9,"column":6},"end":{"line":9,"column":90}},{"start":{},"end":{}}],"line":9},"1":{"loc":{"start":{"line":9,"column":10},"end":{"line":9,"column":42}},"type":"binary-expr","locations":[{"start":{"line":9,"column":10},"end":{"line":9,"column":21}},{"start":{"line":9,"column":25},"end":{"line":9,"column":42}}],"line":9},"2":{"loc":{"start":{"line":14,"column":6},"end":{"line":14,"column":83}},"type":"if","locations":[{"start":{"line":14,"column":6},"end":{"line":14,"column":83}},{"start":{},"end":{}}],"line":14},"3":{"loc":{"start":{"line":20,"column":6},"end":{"line":20,"column":89}},"type":"if","locations":[{"start":{"line":20,"column":6},"end":{"line":20,"column":89}},{"start":{},"end":{}}],"line":20},"4":{"loc":{"start":{"line":21,"column":6},"end":{"line":21,"column":89}},"type":"if","locations":[{"start":{"line":21,"column":6},"end":{"line":21,"column":89}},{"start":{},"end":{}}],"line":21}},"s":{"0":2,"1":6,"2":6,"3":6,"4":3,"5":4,"6":4,"7":1,"8":5,"9":5,"10":26,"11":5,"12":1,"13":4,"14":1},"f":{"0":6,"1":4,"2":5,"3":26},"b":{"0":[3,3],"1":[6,4],"2":[1,3],"3":[1,4],"4":[1,3]},"_coverageSchema":"1a1c01bbd47fc00a2c39e90264f33305004495a9","hash":"fc94daf21ea4215d54f77a2084d147793bd7dcad"}
,"/Users/soo/Downloads/javascript-lotto-6/src/controller/LottoController.js": {"path":"/Users/soo/Downloads/javascript-lotto-6/src/controller/LottoController.js","statementMap":{"0":{"start":{"line":13,"column":4},"end":{"line":13,"column":38}},"1":{"start":{"line":14,"column":4},"end":{"line":14,"column":40}},"2":{"start":{"line":15,"column":4},"end":{"line":15,"column":59}},"3":{"start":{"line":19,"column":41},"end":{"line":19,"column":72}},"4":{"start":{"line":20,"column":44},"end":{"line":20,"column":90}},"5":{"start":{"line":21,"column":4},"end":{"line":21,"column":62}},"6":{"start":{"line":25,"column":4},"end":{"line":38,"column":5}},"7":{"start":{"line":27,"column":8},"end":{"line":27,"column":47}},"8":{"start":{"line":28,"column":6},"end":{"line":28,"column":63}},"9":{"start":{"line":29,"column":46},"end":{"line":33,"column":7}},"10":{"start":{"line":34,"column":6},"end":{"line":34,"column":45}},"11":{"start":{"line":36,"column":6},"end":{"line":36,"column":31}},"12":{"start":{"line":37,"column":6},"end":{"line":37,"column":55}},"13":{"start":{"line":42,"column":4},"end":{"line":49,"column":5}},"14":{"start":{"line":43,"column":25},"end":{"line":43,"column":63}},"15":{"start":{"line":44,"column":6},"end":{"line":44,"column":54}},"16":{"start":{"line":45,"column":6},"end":{"line":45,"column":24}},"17":{"start":{"line":47,"column":6},"end":{"line":47,"column":43}},"18":{"start":{"line":48,"column":6},"end":{"line":48,"column":30}},"19":{"start":{"line":53,"column":23},"end":{"line":53,"column":45}},"20":{"start":{"line":54,"column":25},"end":{"line":54,"column":60}},"21":{"start":{"line":55,"column":4},"end":{"line":55,"column":53}},"22":{"start":{"line":56,"column":4},"end":{"line":56,"column":40}},"23":{"start":{"line":60,"column":31},"end":{"line":60,"column":77}},"24":{"start":{"line":61,"column":24},"end":{"line":61,"column":63}},"25":{"start":{"line":62,"column":4},"end":{"line":62,"column":61}},"26":{"start":{"line":63,"column":4},"end":{"line":63,"column":47}},"27":{"start":{"line":64,"column":4},"end":{"line":64,"column":47}}},"fnMap":{"0":{"name":"(anonymous_0)","decl":{"start":{"line":12,"column":2},"end":{"line":12,"column":3}},"loc":{"start":{"line":12,"column":16},"end":{"line":16,"column":3}},"line":12},"1":{"name":"(anonymous_1)","decl":{"start":{"line":18,"column":2},"end":{"line":18,"column":3}},"loc":{"start":{"line":18,"column":14},"end":{"line":22,"column":3}},"line":18}},"branchMap":{},"s":{"0":2,"1":2,"2":2,"3":2,"4":2,"5":2,"6":2,"7":2,"8":2,"9":2,"10":2,"11":0,"12":0,"13":3,"14":3,"15":3,"16":2,"17":1,"18":1,"19":2,"20":2,"21":2,"22":2,"23":2,"24":2,"25":2,"26":2,"27":2},"f":{"0":2,"1":2},"b":{},"_coverageSchema":"1a1c01bbd47fc00a2c39e90264f33305004495a9","hash":"da494dd5458c5a6794f382e2f07e1cabff83d209"}
,"/Users/soo/Downloads/javascript-lotto-6/src/error/InputErrors.js": {"path":"/Users/soo/Downloads/javascript-lotto-6/src/error/InputErrors.js","statementMap":{"0":{"start":{"line":2,"column":21},"end":{"line":2,"column":54}},"1":{"start":{"line":2,"column":34},"end":{"line":2,"column":54}},"2":{"start":{"line":5,"column":8},"end":{"line":5,"column":34}},"3":{"start":{"line":10,"column":8},"end":{"line":10,"column":34}},"4":{"start":{"line":17,"column":8},"end":{"line":17,"column":34}}},"fnMap":{"0":{"name":"(anonymous_0)","decl":{"start":{"line":2,"column":21},"end":{"line":2,"column":22}},"loc":{"start":{"line":2,"column":34},"end":{"line":2,"column":54}},"line":2},"1":{"name":"(anonymous_1)","decl":{"start":{"line":4,"column":4},"end":{"line":4,"column":5}},"loc":{"start":{"line":4,"column":23},"end":{"line":6,"column":5}},"line":4},"2":{"name":"(anonymous_2)","decl":{"start":{"line":9,"column":4},"end":{"line":9,"column":5}},"loc":{"start":{"line":9,"column":23},"end":{"line":11,"column":5}},"line":9},"3":{"name":"(anonymous_3)","decl":{"start":{"line":16,"column":4},"end":{"line":16,"column":5}},"loc":{"start":{"line":16,"column":24},"end":{"line":18,"column":5}},"line":16}},"branchMap":{},"s":{"0":2,"1":2,"2":0,"3":1,"4":1},"f":{"0":2,"1":0,"2":1,"3":1},"b":{},"_coverageSchema":"1a1c01bbd47fc00a2c39e90264f33305004495a9","hash":"4a213c73561957df207d3e6de44582b3fa051f62"}
,"/Users/soo/Downloads/javascript-lotto-6/src/model/Lotto.js": {"path":"/Users/soo/Downloads/javascript-lotto-6/src/model/Lotto.js","statementMap":{"0":{"start":{"line":7,"column":4},"end":{"line":7,"column":35}},"1":{"start":{"line":8,"column":4},"end":{"line":8,"column":28}},"2":{"start":{"line":12,"column":4},"end":{"line":13,"column":50}},"3":{"start":{"line":13,"column":6},"end":{"line":13,"column":50}},"4":{"start":{"line":15,"column":4},"end":{"line":16,"column":54}},"5":{"start":{"line":16,"column":6},"end":{"line":16,"column":54}},"6":{"start":{"line":18,"column":4},"end":{"line":19,"column":60}},"7":{"start":{"line":18,"column":33},"end":{"line":18,"column":58}},"8":{"start":{"line":19,"column":6},"end":{"line":19,"column":60}},"9":{"start":{"line":21,"column":4},"end":{"line":24,"column":8}},"10":{"start":{"line":22,"column":6},"end":{"line":24,"column":8}},"11":{"start":{"line":26,"column":4},"end":{"line":27,"column":61}},"12":{"start":{"line":27,"column":6},"end":{"line":27,"column":61}},"13":{"start":{"line":30,"column":4},"end":{"line":30,"column":36}},"14":{"start":{"line":30,"column":20},"end":{"line":30,"column":36}},"15":{"start":{"line":31,"column":4},"end":{"line":31,"column":48}},"16":{"start":{"line":31,"column":32},"end":{"line":31,"column":48}},"17":{"start":{"line":32,"column":4},"end":{"line":32,"column":49}},"18":{"start":{"line":32,"column":33},"end":{"line":32,"column":49}},"19":{"start":{"line":33,"column":4},"end":{"line":33,"column":36}},"20":{"start":{"line":33,"column":20},"end":{"line":33,"column":36}},"21":{"start":{"line":34,"column":4},"end":{"line":34,"column":36}},"22":{"start":{"line":34,"column":20},"end":{"line":34,"column":36}},"23":{"start":{"line":38,"column":6},"end":{"line":44,"column":9}},"24":{"start":{"line":45,"column":4},"end":{"line":45,"column":32}},"25":{"start":{"line":48,"column":19},"end":{"line":54,"column":5}},"26":{"start":{"line":55,"column":4},"end":{"line":58,"column":7}},"27":{"start":{"line":56,"column":34},"end":{"line":56,"column":76}},"28":{"start":{"line":57,"column":6},"end":{"line":57,"column":49}},"29":{"start":{"line":59,"column":32},"end":{"line":59,"column":72}},"30":{"start":{"line":60,"column":4},"end":{"line":60,"column":43}},"31":{"start":{"line":63,"column":16},"end":{"line":63,"column":17}},"32":{"start":{"line":64,"column":19},"end":{"line":64,"column":24}},"33":{"start":{"line":65,"column":4},"end":{"line":65,"column":56}},"34":{"start":{"line":65,"column":40},"end":{"line":65,"column":56}},"35":{"start":{"line":66,"column":4},"end":{"line":68,"column":5}},"36":{"start":{"line":67,"column":6},"end":{"line":67,"column":58}},"37":{"start":{"line":67,"column":50},"end":{"line":67,"column":58}},"38":{"start":{"line":69,"column":4},"end":{"line":69,"column":31}}},"fnMap":{"0":{"name":"(anonymous_0)","decl":{"start":{"line":6,"column":2},"end":{"line":6,"column":3}},"loc":{"start":{"line":6,"column":30},"end":{"line":9,"column":3}},"line":6},"1":{"name":"(anonymous_1)","decl":{"start":{"line":18,"column":21},"end":{"line":18,"column":22}},"loc":{"start":{"line":18,"column":33},"end":{"line":18,"column":58}},"line":18},"2":{"name":"(anonymous_2)","decl":{"start":{"line":47,"column":2},"end":{"line":47,"column":3}},"loc":{"start":{"line":47,"column":44},"end":{"line":61,"column":3}},"line":47},"3":{"name":"(anonymous_3)","decl":{"start":{"line":55,"column":28},"end":{"line":55,"column":29}},"loc":{"start":{"line":55,"column":48},"end":{"line":58,"column":5}},"line":55}},"branchMap":{"0":{"loc":{"start":{"line":12,"column":4},"end":{"line":13,"column":50}},"type":"if","locations":[{"start":{"line":12,"column":4},"end":{"line":13,"column":50}},{"start":{},"end":{}}],"line":12},"1":{"loc":{"start":{"line":15,"column":4},"end":{"line":16,"column":54}},"type":"if","locations":[{"start":{"line":15,"column":4},"end":{"line":16,"column":54}},{"start":{},"end":{}}],"line":15},"2":{"loc":{"start":{"line":18,"column":4},"end":{"line":19,"column":60}},"type":"if","locations":[{"start":{"line":18,"column":4},"end":{"line":19,"column":60}},{"start":{},"end":{}}],"line":18},"3":{"loc":{"start":{"line":18,"column":33},"end":{"line":18,"column":58}},"type":"binary-expr","locations":[{"start":{"line":18,"column":33},"end":{"line":18,"column":43}},{"start":{"line":18,"column":47},"end":{"line":18,"column":58}}],"line":18},"4":{"loc":{"start":{"line":21,"column":4},"end":{"line":24,"column":8}},"type":"if","locations":[{"start":{"line":21,"column":4},"end":{"line":24,"column":8}},{"start":{},"end":{}}],"line":21},"5":{"loc":{"start":{"line":26,"column":4},"end":{"line":27,"column":61}},"type":"if","locations":[{"start":{"line":26,"column":4},"end":{"line":27,"column":61}},{"start":{},"end":{}}],"line":26},"6":{"loc":{"start":{"line":26,"column":8},"end":{"line":26,"column":31}},"type":"binary-expr","locations":[{"start":{"line":26,"column":8},"end":{"line":26,"column":17}},{"start":{"line":26,"column":21},"end":{"line":26,"column":31}}],"line":26},"7":{"loc":{"start":{"line":30,"column":4},"end":{"line":30,"column":36}},"type":"if","locations":[{"start":{"line":30,"column":4},"end":{"line":30,"column":36}},{"start":{},"end":{}}],"line":30},"8":{"loc":{"start":{"line":31,"column":4},"end":{"line":31,"column":48}},"type":"if","locations":[{"start":{"line":31,"column":4},"end":{"line":31,"column":48}},{"start":{},"end":{}}],"line":31},"9":{"loc":{"start":{"line":31,"column":8},"end":{"line":31,"column":30}},"type":"binary-expr","locations":[{"start":{"line":31,"column":8},"end":{"line":31,"column":18}},{"start":{"line":31,"column":22},"end":{"line":31,"column":30}}],"line":31},"10":{"loc":{"start":{"line":32,"column":4},"end":{"line":32,"column":49}},"type":"if","locations":[{"start":{"line":32,"column":4},"end":{"line":32,"column":49}},{"start":{},"end":{}}],"line":32},"11":{"loc":{"start":{"line":32,"column":8},"end":{"line":32,"column":31}},"type":"binary-expr","locations":[{"start":{"line":32,"column":8},"end":{"line":32,"column":18}},{"start":{"line":32,"column":22},"end":{"line":32,"column":31}}],"line":32},"12":{"loc":{"start":{"line":33,"column":4},"end":{"line":33,"column":36}},"type":"if","locations":[{"start":{"line":33,"column":4},"end":{"line":33,"column":36}},{"start":{},"end":{}}],"line":33},"13":{"loc":{"start":{"line":34,"column":4},"end":{"line":34,"column":36}},"type":"if","locations":[{"start":{"line":34,"column":4},"end":{"line":34,"column":36}},{"start":{},"end":{}}],"line":34},"14":{"loc":{"start":{"line":65,"column":4},"end":{"line":65,"column":56}},"type":"if","locations":[{"start":{"line":65,"column":4},"end":{"line":65,"column":56}},{"start":{},"end":{}}],"line":65},"15":{"loc":{"start":{"line":67,"column":6},"end":{"line":67,"column":58}},"type":"if","locations":[{"start":{"line":67,"column":6},"end":{"line":67,"column":58}},{"start":{},"end":{}}],"line":67}},"s":{"0":7,"1":2,"2":7,"3":1,"4":6,"5":1,"6":5,"7":30,"8":1,"9":4,"10":1,"11":3,"12":1,"13":9,"14":1,"15":9,"16":0,"17":9,"18":0,"19":9,"20":0,"21":9,"22":1,"23":2,"24":2,"25":2,"26":2,"27":9,"28":9,"29":2,"30":2,"31":9,"32":9,"33":9,"34":2,"35":9,"36":54,"37":13,"38":9},"f":{"0":7,"1":30,"2":2,"3":9},"b":{"0":[1,6],"1":[1,5],"2":[1,4],"3":[30,30],"4":[1,3],"5":[1,2],"6":[3,3],"7":[1,8],"8":[0,9],"9":[9,0],"10":[0,9],"11":[9,0],"12":[0,9],"13":[1,8],"14":[2,7],"15":[13,41]},"_coverageSchema":"1a1c01bbd47fc00a2c39e90264f33305004495a9","hash":"787fecc92167e3e5e99c1bb70c962496a4119468"}
,"/Users/soo/Downloads/javascript-lotto-6/src/model/Purchase.js": {"path":"/Users/soo/Downloads/javascript-lotto-6/src/model/Purchase.js","statementMap":{"0":{"start":{"line":4,"column":0},"end":{"line":13,"column":2}},"1":{"start":{"line":5,"column":27},"end":{"line":5,"column":29}},"2":{"start":{"line":6,"column":19},"end":{"line":6,"column":36}},"3":{"start":{"line":7,"column":2},"end":{"line":11,"column":3}},"4":{"start":{"line":8,"column":24},"end":{"line":8,"column":95}},"5":{"start":{"line":8,"column":91},"end":{"line":8,"column":94}},"6":{"start":{"line":9,"column":4},"end":{"line":9,"column":39}},"7":{"start":{"line":10,"column":4},"end":{"line":10,"column":17}},"8":{"start":{"line":12,"column":2},"end":{"line":12,"column":26}}},"fnMap":{"0":{"name":"Purchase","decl":{"start":{"line":3,"column":9},"end":{"line":3,"column":17}},"loc":{"start":{"line":3,"column":20},"end":{"line":3,"column":22}},"line":3},"1":{"name":"(anonymous_1)","decl":{"start":{"line":4,"column":26},"end":{"line":4,"column":27}},"loc":{"start":{"line":4,"column":48},"end":{"line":13,"column":1}},"line":4},"2":{"name":"(anonymous_2)","decl":{"start":{"line":8,"column":84},"end":{"line":8,"column":85}},"loc":{"start":{"line":8,"column":91},"end":{"line":8,"column":94}},"line":8}},"branchMap":{},"s":{"0":2,"1":3,"2":3,"3":3,"4":14,"5":98,"6":14,"7":14,"8":3},"f":{"0":0,"1":3,"2":98},"b":{},"_coverageSchema":"1a1c01bbd47fc00a2c39e90264f33305004495a9","hash":"d63921d5aa154770e4e4c8982915f775c212840c"}
,"/Users/soo/Downloads/javascript-lotto-6/src/view/InputView.js": {"path":"/Users/soo/Downloads/javascript-lotto-6/src/view/InputView.js","statementMap":{"0":{"start":{"line":5,"column":23},"end":{"line":5,"column":70}},"1":{"start":{"line":6,"column":4},"end":{"line":6,"column":30}},"2":{"start":{"line":10,"column":31},"end":{"line":12,"column":5}},"3":{"start":{"line":13,"column":4},"end":{"line":13,"column":58}},"4":{"start":{"line":13,"column":48},"end":{"line":13,"column":57}},"5":{"start":{"line":17,"column":24},"end":{"line":17,"column":75}},"6":{"start":{"line":18,"column":4},"end":{"line":18,"column":30}}},"fnMap":{"0":{"name":"(anonymous_0)","decl":{"start":{"line":4,"column":2},"end":{"line":4,"column":3}},"loc":{"start":{"line":4,"column":25},"end":{"line":7,"column":3}},"line":4},"1":{"name":"(anonymous_1)","decl":{"start":{"line":9,"column":2},"end":{"line":9,"column":3}},"loc":{"start":{"line":9,"column":33},"end":{"line":14,"column":3}},"line":9},"2":{"name":"(anonymous_2)","decl":{"start":{"line":13,"column":45},"end":{"line":13,"column":46}},"loc":{"start":{"line":13,"column":48},"end":{"line":13,"column":57}},"line":13},"3":{"name":"(anonymous_3)","decl":{"start":{"line":16,"column":2},"end":{"line":16,"column":3}},"loc":{"start":{"line":16,"column":26},"end":{"line":19,"column":3}},"line":16}},"branchMap":{},"s":{"0":3,"1":3,"2":2,"3":2,"4":12,"5":2,"6":2},"f":{"0":3,"1":2,"2":12,"3":2},"b":{},"_coverageSchema":"1a1c01bbd47fc00a2c39e90264f33305004495a9","hash":"67d48affbe2478a934bfab3b9471f567e7dcc9f9"}
,"/Users/soo/Downloads/javascript-lotto-6/src/view/OutputView.js": {"path":"/Users/soo/Downloads/javascript-lotto-6/src/view/OutputView.js","statementMap":{"0":{"start":{"line":7,"column":4},"end":{"line":7,"column":53}},"1":{"start":{"line":8,"column":4},"end":{"line":8,"column":88}},"2":{"start":{"line":8,"column":42},"end":{"line":8,"column":86}},"3":{"start":{"line":12,"column":4},"end":{"line":12,"column":34}},"4":{"start":{"line":13,"column":4},"end":{"line":13,"column":56}},"5":{"start":{"line":14,"column":4},"end":{"line":14,"column":57}},"6":{"start":{"line":15,"column":4},"end":{"line":15,"column":60}},"7":{"start":{"line":16,"column":4},"end":{"line":16,"column":71}},"8":{"start":{"line":17,"column":4},"end":{"line":17,"column":64}},"9":{"start":{"line":18,"column":4},"end":{"line":18,"column":47}}},"fnMap":{"0":{"name":"(anonymous_0)","decl":{"start":{"line":4,"column":2},"end":{"line":4,"column":3}},"loc":{"start":{"line":4,"column":16},"end":{"line":4,"column":18}},"line":4},"1":{"name":"(anonymous_1)","decl":{"start":{"line":6,"column":2},"end":{"line":6,"column":3}},"loc":{"start":{"line":6,"column":34},"end":{"line":9,"column":3}},"line":6},"2":{"name":"(anonymous_2)","decl":{"start":{"line":8,"column":25},"end":{"line":8,"column":26}},"loc":{"start":{"line":8,"column":42},"end":{"line":8,"column":86}},"line":8},"3":{"name":"(anonymous_3)","decl":{"start":{"line":11,"column":2},"end":{"line":11,"column":3}},"loc":{"start":{"line":11,"column":34},"end":{"line":19,"column":3}},"line":11}},"branchMap":{},"s":{"0":2,"1":2,"2":9,"3":2,"4":2,"5":2,"6":2,"7":2,"8":2,"9":2},"f":{"0":2,"1":2,"2":9,"3":2},"b":{},"_coverageSchema":"1a1c01bbd47fc00a2c39e90264f33305004495a9","hash":"b2b5ce163e02d1396d02a813aba98bc74caeaf34"}
}
