TN:
SF:src\App.js
FN:7,(anonymous_0)
FNF:1
FNH:1
FNDA:11,(anonymous_0)
DA:8,11
DA:9,11
DA:10,11
DA:11,11
DA:13,11
DA:14,25
DA:15,25
DA:16,25
DA:18,11
DA:19,11
DA:20,11
DA:21,11
DA:22,11
LF:13
LH:13
BRF:0
BRH:0
end_of_record
TN:
SF:src\Lotto.js
FN:7,(anonymous_0)
FN:12,(anonymous_1)
FN:22,(anonymous_2)
FN:30,(anonymous_3)
FN:31,(anonymous_4)
FN:37,(anonymous_5)
FNF:6
FNH:6
FNDA:30,(anonymous_0)
FNDA:25,(anonymous_1)
FNDA:161,(anonymous_2)
FNDA:25,(anonymous_3)
FNDA:125,(anonymous_4)
FNDA:25,(anonymous_5)
DA:8,30
DA:9,25
DA:13,25
DA:17,30
DA:18,2
DA:19,28
DA:20,1
DA:22,27
DA:23,161
DA:24,2
DA:31,125
DA:32,25
DA:38,25
LF:13
LH:13
BRDA:17,0,0,2
BRDA:17,0,1,28
BRDA:19,1,0,1
BRDA:19,1,1,27
BRDA:23,2,0,2
BRDA:23,2,1,159
BRDA:23,3,0,161
BRDA:23,3,1,159
BRDA:23,3,2,159
BRF:9
BRH:9
end_of_record
TN:
SF:src\Money.js
FN:19,(anonymous_0)
FN:32,(anonymous_1)
FN:36,(anonymous_2)
FNF:3
FNH:3
FNDA:23,(anonymous_0)
FNDA:14,(anonymous_1)
FNDA:36,(anonymous_2)
DA:10,23
DA:11,2
DA:12,21
DA:13,3
DA:14,18
DA:15,1
DA:21,23
DA:22,23
DA:23,23
DA:25,6
DA:26,6
DA:28,23
DA:29,23
DA:33,14
DA:37,36
LF:15
LH:15
BRDA:10,0,0,2
BRDA:10,0,1,21
BRDA:12,1,0,3
BRDA:12,1,1,18
BRDA:14,2,0,1
BRDA:14,2,1,17
BRF:6
BRH:6
end_of_record
TN:
SF:src\Statistics.js
FN:17,(anonymous_0)
FN:47,(anonymous_1)
FN:48,(anonymous_2)
FN:57,(anonymous_3)
FNF:4
FNH:4
FNDA:16,(anonymous_0)
FNDA:50,(anonymous_1)
FNDA:300,(anonymous_2)
FNDA:16,(anonymous_3)
DA:18,16
DA:19,16
DA:20,16
DA:21,16
DA:22,16
DA:23,16
DA:24,16
DA:25,16
DA:29,16
DA:39,16
DA:40,12
DA:41,12
DA:43,4
DA:47,16
DA:48,300
DA:49,50
DA:50,39
DA:51,37
DA:52,35
DA:53,33
DA:58,16
DA:59,16
DA:60,16
DA:61,16
DA:62,16
DA:63,16
DA:64,16
LF:27
LH:27
BRDA:39,0,0,12
BRDA:39,0,1,4
BRDA:49,1,0,11
BRDA:49,1,1,39
BRDA:50,2,0,2
BRDA:50,2,1,37
BRDA:50,3,0,39
BRDA:50,3,1,4
BRDA:51,4,0,2
BRDA:51,4,1,35
BRDA:52,5,0,2
BRDA:52,5,1,33
BRDA:53,6,0,7
BRDA:53,6,1,26
BRF:14
BRH:14
end_of_record
TN:
SF:src\WinningLotto.js
FN:9,(anonymous_0)
FN:20,(anonymous_1)
FN:27,(anonymous_2)
FN:32,(anonymous_3)
FN:41,(anonymous_4)
FN:57,(anonymous_5)
FNF:6
FNH:6
FNDA:24,(anonymous_0)
FNDA:137,(anonymous_1)
FNDA:27,(anonymous_2)
FNDA:162,(anonymous_3)
FNDA:22,(anonymous_4)
FNDA:14,(anonymous_5)
DA:10,24
DA:11,24
DA:15,27
DA:16,2
DA:17,25
DA:18,1
DA:20,24
DA:21,137
DA:22,3
DA:29,27
DA:30,27
DA:32,162
DA:33,27
DA:35,6
DA:36,6
DA:38,27
DA:43,22
DA:44,22
DA:45,22
DA:46,3
DA:47,19
DA:48,1
DA:51,4
DA:52,4
DA:54,22
DA:58,14
LF:26
LH:26
BRDA:15,0,0,2
BRDA:15,0,1,25
BRDA:17,1,0,1
BRDA:17,1,1,24
BRDA:21,2,0,3
BRDA:21,2,1,134
BRDA:21,3,0,137
BRDA:21,3,1,135
BRDA:21,3,2,135
BRDA:45,4,0,3
BRDA:45,4,1,19
BRDA:45,5,0,22
BRDA:45,5,1,20
BRDA:45,5,2,20
BRDA:47,6,0,1
BRDA:47,6,1,18
BRF:16
BRH:16
end_of_record
TN:
SF:src\constant.js
FNF:0
FNH:0
DA:1,5
DA:7,5
DA:14,5
DA:15,5
DA:24,5
LF:5
LH:5
BRF:0
BRH:0
end_of_record
