TN:
SF:src\App.js
FN:7,(anonymous_0)
FNF:1
FNH:1
FNDA:11,(anonymous_0)
DA:8,11
DA:9,11
DA:10,11
DA:11,11
DA:13,11
DA:14,25
DA:15,25
DA:16,25
DA:18,11
DA:19,11
DA:20,11
DA:21,11
DA:22,11
LF:13
LH:13
BRF:0
BRH:0
end_of_record
TN:
SF:src\Lotto.js
FN:7,(anonymous_0)
FN:12,(anonymous_1)
FN:22,(anonymous_2)
FN:30,(anonymous_3)
FN:31,(anonymous_4)
FN:37,(anonymous_5)
FNF:6
FNH:6
FNDA:30,(anonymous_0)
FNDA:25,(anonymous_1)
FNDA:161,(anonymous_2)
FNDA:25,(anonymous_3)
FNDA:125,(anonymous_4)
FNDA:25,(anonymous_5)
DA:8,30
DA:9,25
DA:13,25
DA:17,30
DA:18,2
DA:19,28
DA:20,1
DA:22,27
DA:23,161
DA:24,2
DA:31,125
DA:32,25
DA:38,25
LF:13
LH:13
BRDA:17,0,0,2
BRDA:17,0,1,28
BRDA:19,1,0,1
BRDA:19,1,1,27
BRDA:23,2,0,2
BRDA:23,2,1,159
BRDA:23,3,0,161
BRDA:23,3,1,159
BRDA:23,3,2,159
BRF:9
BRH:9
end_of_record
TN:
SF:src\Money.js
FN:9,(anonymous_0)
FN:24,(anonymous_1)
FN:28,(anonymous_2)
FNF:3
FNH:3
FNDA:14,(anonymous_0)
FNDA:11,(anonymous_1)
FNDA:36,(anonymous_2)
DA:11,14
DA:12,14
DA:13,14
DA:14,3
DA:17,3
DA:18,3
DA:20,14
DA:21,14
DA:25,11
DA:29,36
LF:10
LH:10
BRDA:13,0,0,3
BRDA:13,0,1,11
BRDA:13,1,0,14
BRDA:13,1,1,14
BRF:4
BRH:4
end_of_record
TN:
SF:src\Statistics.js
FN:17,(anonymous_0)
FN:47,(anonymous_1)
FN:48,(anonymous_2)
FN:57,(anonymous_3)
FNF:4
FNH:4
FNDA:11,(anonymous_0)
FNDA:25,(anonymous_1)
FNDA:150,(anonymous_2)
FNDA:11,(anonymous_3)
DA:18,11
DA:19,11
DA:20,11
DA:21,11
DA:22,11
DA:23,11
DA:24,11
DA:25,11
DA:29,11
DA:39,11
DA:40,7
DA:41,7
DA:43,4
DA:47,11
DA:48,150
DA:49,25
DA:50,16
DA:51,15
DA:52,14
DA:53,13
DA:58,11
DA:59,11
DA:60,11
DA:61,11
DA:62,11
DA:63,11
DA:64,11
LF:27
LH:27
BRDA:39,0,0,7
BRDA:39,0,1,4
BRDA:49,1,0,9
BRDA:49,1,1,16
BRDA:50,2,0,1
BRDA:50,2,1,15
BRDA:50,3,0,16
BRDA:50,3,1,2
BRDA:51,4,0,1
BRDA:51,4,1,14
BRDA:52,5,0,1
BRDA:52,5,1,13
BRDA:53,6,0,2
BRDA:53,6,1,11
BRF:14
BRH:14
end_of_record
TN:
SF:src\WinningLotto.js
FN:9,(anonymous_0)
FN:14,(anonymous_1)
FN:18,(anonymous_2)
FN:30,(anonymous_3)
FN:44,(anonymous_4)
FNF:5
FNH:5
FNDA:11,(anonymous_0)
FNDA:66,(anonymous_1)
FNDA:66,(anonymous_2)
FNDA:11,(anonymous_3)
FNDA:11,(anonymous_4)
DA:11,11
DA:12,11
DA:14,66
DA:15,11
DA:16,0
DA:18,11
DA:19,66
DA:20,0
DA:24,0
DA:25,0
DA:27,11
DA:32,11
DA:33,11
DA:34,11
DA:35,0
DA:38,0
DA:39,0
DA:41,11
DA:45,11
LF:19
LH:12
BRDA:15,0,0,0
BRDA:15,0,1,11
BRDA:19,1,0,0
BRDA:19,1,1,66
BRDA:19,2,0,66
BRDA:19,2,1,66
BRDA:19,2,2,66
BRDA:34,3,0,0
BRDA:34,3,1,11
BRDA:34,4,0,11
BRDA:34,4,1,11
BRDA:34,4,2,11
BRF:12
BRH:9
end_of_record
TN:
SF:src\constant.js
FNF:0
FNH:0
DA:1,2
DA:7,2
DA:14,2
DA:15,2
DA:22,2
LF:5
LH:5
BRF:0
BRH:0
end_of_record
